# JRE version: OpenJDK Runtime Environment (8.0_112-b06) (build 1.8.0_112-release-b06)
# Java VM: OpenJDK 64-Bit Server VM (25.112-b06 mixed mode windows-amd64 compressed oops)
Heap:
 PSYoungGen      total 440320K, used 48720K [0x00000000e0000000, 0x0000000100000000, 0x0000000100000000)
  eden space 358400K, 0% used [0x00000000e0000000,0x00000000e0000000,0x00000000f5e00000)
  from space 81920K, 59% used [0x00000000fb000000,0x00000000fdf94298,0x0000000100000000)
  to   space 82944K, 0% used [0x00000000f5e00000,0x00000000f5e00000,0x00000000faf00000)
 ParOldGen       total 261632K, used 260765K [0x00000000a0000000, 0x00000000aff80000, 0x00000000e0000000)
  object space 261632K, 99% used [0x00000000a0000000,0x00000000afea77c0,0x00000000aff80000)
 Metaspace       used 73451K, capacity 76544K, committed 76760K, reserved 1116160K
  class space    used 9481K, capacity 10116K, committed 10200K, reserved 1048576K
GC Heap History (10 events):
Event: 85.582 GC heap after
Heap after GC invocations=26 (full 4):
 PSYoungGen      total 390144K, used 55215K [0x00000000e0000000, 0x00000000fd400000, 0x0000000100000000)
  eden space 314880K, 0% used [0x00000000e0000000,0x00000000e0000000,0x00000000f3380000)
  from space 75264K, 73% used [0x00000000f8280000,0x00000000fb86bec0,0x00000000fcc00000)
  to   space 80896K, 0% used [0x00000000f3380000,0x00000000f3380000,0x00000000f8280000)
 ParOldGen       total 254464K, used 121349K [0x00000000a0000000, 0x00000000af880000, 0x00000000e0000000)
  object space 254464K, 47% used [0x00000000a0000000,0x00000000a76814a0,0x00000000af880000)
 Metaspace       used 66706K, capacity 69612K, committed 69848K, reserved 1110016K
  class space    used 8781K, capacity 9361K, committed 9432K, reserved 1048576K
}
Event: 86.545 GC heap before
{Heap before GC invocations=27 (full 4):
 PSYoungGen      total 390144K, used 370048K [0x00000000e0000000, 0x00000000fd400000, 0x0000000100000000)
  eden space 314880K, 99% used [0x00000000e0000000,0x00000000f33741b8,0x00000000f3380000)
  from space 75264K, 73% used [0x00000000f8280000,0x00000000fb86bec0,0x00000000fcc00000)
  to   space 80896K, 0% used [0x00000000f3380000,0x00000000f3380000,0x00000000f8280000)
 ParOldGen       total 254464K, used 185862K [0x00000000a0000000, 0x00000000af880000, 0x00000000e0000000)
  object space 254464K, 73% used [0x00000000a0000000,0x00000000ab581890,0x00000000af880000)
 Metaspace       used 66716K, capacity 69612K, committed 69848K, reserved 1110016K
  class space    used 8781K, capacity 9361K, committed 9432K, reserved 1048576K
Event: 86.571 GC heap after
Heap after GC invocations=27 (full 4):
 PSYoungGen      total 395776K, used 46718K [0x00000000e0000000, 0x0000000100000000, 0x0000000100000000)
  eden space 314880K, 0% used [0x00000000e0000000,0x00000000e0000000,0x00000000f3380000)
  from space 80896K, 57% used [0x00000000f3380000,0x00000000f611f9f0,0x00000000f8280000)
  to   space 81920K, 0% used [0x00000000fb000000,0x00000000fb000000,0x0000000100000000)
 ParOldGen       total 254464K, used 205782K [0x00000000a0000000, 0x00000000af880000, 0x00000000e0000000)
  object space 254464K, 80% used [0x00000000a0000000,0x00000000ac8f5b00,0x00000000af880000)
 Metaspace       used 66716K, capacity 69612K, committed 69848K, reserved 1110016K
  class space    used 8781K, capacity 9361K, committed 9432K, reserved 1048576K
}
Event: 346.104 GC heap before
{Heap before GC invocations=28 (full 4):
 PSYoungGen      total 395776K, used 361598K [0x00000000e0000000, 0x0000000100000000, 0x0000000100000000)
  eden space 314880K, 100% used [0x00000000e0000000,0x00000000f3380000,0x00000000f3380000)
  from space 80896K, 57% used [0x00000000f3380000,0x00000000f611f9f0,0x00000000f8280000)
  to   space 81920K, 0% used [0x00000000fb000000,0x00000000fb000000,0x0000000100000000)
 ParOldGen       total 254464K, used 205782K [0x00000000a0000000, 0x00000000af880000, 0x00000000e0000000)
  object space 254464K, 80% used [0x00000000a0000000,0x00000000ac8f5b00,0x00000000af880000)
 Metaspace       used 73398K, capacity 76544K, committed 76760K, reserved 1116160K
  class space    used 9480K, capacity 10116K, committed 10200K, reserved 1048576K
Event: 346.150 GC heap after
Heap after GC invocations=28 (full 4):
 PSYoungGen      total 439296K, used 17156K [0x00000000e0000000, 0x00000000ffc00000, 0x0000000100000000)
  eden space 361472K, 0% used [0x00000000e0000000,0x00000000e0000000,0x00000000f6100000)
  from space 77824K, 22% used [0x00000000fb000000,0x00000000fc0c11e8,0x00000000ffc00000)
  to   space 79360K, 0% used [0x00000000f6100000,0x00000000f6100000,0x00000000fae80000)
 ParOldGen       total 254464K, used 213995K [0x00000000a0000000, 0x00000000af880000, 0x00000000e0000000)
  object space 254464K, 84% used [0x00000000a0000000,0x00000000ad0fad10,0x00000000af880000)
 Metaspace       used 73398K, capacity 76544K, committed 76760K, reserved 1116160K
  class space    used 9480K, capacity 10116K, committed 10200K, reserved 1048576K
}
Event: 347.201 GC heap before
{Heap before GC invocations=29 (full 4):
 PSYoungGen      total 439296K, used 378628K [0x00000000e0000000, 0x00000000ffc00000, 0x0000000100000000)
  eden space 361472K, 100% used [0x00000000e0000000,0x00000000f6100000,0x00000000f6100000)
  from space 77824K, 22% used [0x00000000fb000000,0x00000000fc0c11e8,0x00000000ffc00000)
  to   space 79360K, 0% used [0x00000000f6100000,0x00000000f6100000,0x00000000fae80000)
 ParOldGen       total 254464K, used 213995K [0x00000000a0000000, 0x00000000af880000, 0x00000000e0000000)
  object space 254464K, 84% used [0x00000000a0000000,0x00000000ad0fad10,0x00000000af880000)
 Metaspace       used 73415K, capacity 76544K, committed 76760K, reserved 1116160K
  class space    used 9481K, capacity 10116K, committed 10200K, reserved 1048576K
Event: 347.243 GC heap after
Heap after GC invocations=29 (full 4):
 PSYoungGen      total 440832K, used 50762K [0x00000000e0000000, 0x0000000100000000, 0x0000000100000000)
  eden space 361472K, 0% used [0x00000000e0000000,0x00000000e0000000,0x00000000f6100000)
  from space 79360K, 63% used [0x00000000f6100000,0x00000000f92928a0,0x00000000fae80000)
  to   space 81920K, 0% used [0x00000000fb000000,0x00000000fb000000,0x0000000100000000)
 ParOldGen       total 254464K, used 224838K [0x00000000a0000000, 0x00000000af880000, 0x00000000e0000000)
  object space 254464K, 88% used [0x00000000a0000000,0x00000000adb91a78,0x00000000af880000)
 Metaspace       used 73415K, capacity 76544K, committed 76760K, reserved 1116160K
  class space    used 9481K, capacity 10116K, committed 10200K, reserved 1048576K
}
Event: 348.218 GC heap before
{Heap before GC invocations=30 (full 4):
 PSYoungGen      total 440832K, used 412234K [0x00000000e0000000, 0x0000000100000000, 0x0000000100000000)
  eden space 361472K, 100% used [0x00000000e0000000,0x00000000f6100000,0x00000000f6100000)
  from space 79360K, 63% used [0x00000000f6100000,0x00000000f92928a0,0x00000000fae80000)
  to   space 81920K, 0% used [0x00000000fb000000,0x00000000fb000000,0x0000000100000000)
 ParOldGen       total 254464K, used 224838K [0x00000000a0000000, 0x00000000af880000, 0x00000000e0000000)
  object space 254464K, 88% used [0x00000000a0000000,0x00000000adb91a78,0x00000000af880000)
 Metaspace       used 73451K, capacity 76544K, committed 76760K, reserved 1116160K
  class space    used 9481K, capacity 10116K, committed 10200K, reserved 1048576K
Event: 348.285 GC heap after
Heap after GC invocations=30 (full 4):
 PSYoungGen      total 440320K, used 48720K [0x00000000e0000000, 0x0000000100000000, 0x0000000100000000)
  eden space 358400K, 0% used [0x00000000e0000000,0x00000000e0000000,0x00000000f5e00000)
  from space 81920K, 59% used [0x00000000fb000000,0x00000000fdf94298,0x0000000100000000)
  to   space 82944K, 0% used [0x00000000f5e00000,0x00000000f5e00000,0x00000000faf00000)
 ParOldGen       total 261632K, used 260765K [0x00000000a0000000, 0x00000000aff80000, 0x00000000e0000000)
  object space 261632K, 99% used [0x00000000a0000000,0x00000000afea77c0,0x00000000aff80000)
 Metaspace       used 73451K, capacity 76544K, committed 76760K, reserved 1116160K
  class space    used 9481K, capacity 10116K, committed 10200K, reserved 1048576K
}
Event: 348.285 GC heap before
{Heap before GC invocations=31 (full 5):
 PSYoungGen      total 440320K, used 48720K [0x00000000e0000000, 0x0000000100000000, 0x0000000100000000)
  eden space 358400K, 0% used [0x00000000e0000000,0x00000000e0000000,0x00000000f5e00000)
  from space 81920K, 59% used [0x00000000fb000000,0x00000000fdf94298,0x0000000100000000)
  to   space 82944K, 0% used [0x00000000f5e00000,0x00000000f5e00000,0x00000000faf00000)
 ParOldGen       total 261632K, used 260765K [0x00000000a0000000, 0x00000000aff80000, 0x00000000e0000000)
  object space 261632K, 99% used [0x00000000a0000000,0x00000000afea77c0,0x00000000aff80000)
 Metaspace       used 73451K, capacity 76544K, committed 76760K, reserved 1116160K
  class space    used 9481K, capacity 10116K, committed 10200K, reserved 1048576K

