# JRE version: OpenJDK Runtime Environment (8.0_112-b06) (build 1.8.0_112-release-b06)
# Java VM: OpenJDK 64-Bit Server VM (25.112-b06 mixed mode windows-amd64 compressed oops)
Heap:
 PSYoungGen      total 443392K, used 79907K [0x00000000e0000000, 0x00000000ffe00000, 0x0000000100000000)
  eden space 366080K, 20% used [0x00000000e0000000,0x00000000e4990d40,0x00000000f6580000)
  from space 77312K, 5% used [0x00000000f6580000,0x00000000f69f8020,0x00000000fb100000)
  to   space 75264K, 0% used [0x00000000fb480000,0x00000000fb480000,0x00000000ffe00000)
 ParOldGen       total 234496K, used 124425K [0x00000000a0000000, 0x00000000ae500000, 0x00000000e0000000)
  object space 234496K, 53% used [0x00000000a0000000,0x00000000a7982608,0x00000000ae500000)
 Metaspace       used 72823K, capacity 76444K, committed 76672K, reserved 1116160K
  class space    used 9046K, capacity 9559K, committed 9600K, reserved 1048576K
GC Heap History (10 events):
Event: 57.531 GC heap before
{Heap before GC invocations=26 (full 5):
 PSYoungGen      total 439296K, used 38603K [0x00000000e0000000, 0x0000000100000000, 0x0000000100000000)
  eden space 354304K, 0% used [0x00000000e0000000,0x00000000e0000000,0x00000000f5a00000)
  from space 84992K, 45% used [0x00000000f5a00000,0x00000000f7fb2fb8,0x00000000fad00000)
  to   space 82944K, 0% used [0x00000000faf00000,0x00000000faf00000,0x0000000100000000)
 ParOldGen       total 199680K, used 190253K [0x00000000a0000000, 0x00000000ac300000, 0x00000000e0000000)
  object space 199680K, 95% used [0x00000000a0000000,0x00000000ab9cb618,0x00000000ac300000)
 Metaspace       used 66931K, capacity 68930K, committed 69248K, reserved 1110016K
  class space    used 8521K, capacity 8946K, committed 9088K, reserved 1048576K
Event: 57.990 GC heap after
Heap after GC invocations=26 (full 5):
 PSYoungGen      total 439296K, used 0K [0x00000000e0000000, 0x0000000100000000, 0x0000000100000000)
  eden space 354304K, 0% used [0x00000000e0000000,0x00000000e0000000,0x00000000f5a00000)
  from space 84992K, 0% used [0x00000000f5a00000,0x00000000f5a00000,0x00000000fad00000)
  to   space 82944K, 0% used [0x00000000faf00000,0x00000000faf00000,0x0000000100000000)
 ParOldGen       total 234496K, used 109172K [0x00000000a0000000, 0x00000000ae500000, 0x00000000e0000000)
  object space 234496K, 46% used [0x00000000a0000000,0x00000000a6a9d038,0x00000000ae500000)
 Metaspace       used 66931K, capacity 68930K, committed 69248K, reserved 1110016K
  class space    used 8521K, capacity 8946K, committed 9088K, reserved 1048576K
}
Event: 65.283 GC heap before
{Heap before GC invocations=27 (full 5):
 PSYoungGen      total 439296K, used 354207K [0x00000000e0000000, 0x0000000100000000, 0x0000000100000000)
  eden space 354304K, 99% used [0x00000000e0000000,0x00000000f59e7ee0,0x00000000f5a00000)
  from space 84992K, 0% used [0x00000000f5a00000,0x00000000f5a00000,0x00000000fad00000)
  to   space 82944K, 0% used [0x00000000faf00000,0x00000000faf00000,0x0000000100000000)
 ParOldGen       total 234496K, used 109172K [0x00000000a0000000, 0x00000000ae500000, 0x00000000e0000000)
  object space 234496K, 46% used [0x00000000a0000000,0x00000000a6a9d038,0x00000000ae500000)
 Metaspace       used 67940K, capacity 69958K, committed 70400K, reserved 1110016K
  class space    used 8664K, capacity 9090K, committed 9216K, reserved 1048576K
Event: 65.297 GC heap after
Heap after GC invocations=27 (full 5):
 PSYoungGen      total 430080K, used 18923K [0x00000000e0000000, 0x00000000ff700000, 0x0000000100000000)
  eden space 356352K, 0% used [0x00000000e0000000,0x00000000e0000000,0x00000000f5c00000)
  from space 73728K, 25% used [0x00000000faf00000,0x00000000fc17ac90,0x00000000ff700000)
  to   space 79360K, 0% used [0x00000000f5c00000,0x00000000f5c00000,0x00000000fa980000)
 ParOldGen       total 234496K, used 109180K [0x00000000a0000000, 0x00000000ae500000, 0x00000000e0000000)
  object space 234496K, 46% used [0x00000000a0000000,0x00000000a6a9f038,0x00000000ae500000)
 Metaspace       used 67940K, capacity 69958K, committed 70400K, reserved 1110016K
  class space    used 8664K, capacity 9090K, committed 9216K, reserved 1048576K
}
Event: 66.840 GC heap before
{Heap before GC invocations=28 (full 5):
 PSYoungGen      total 430080K, used 375121K [0x00000000e0000000, 0x00000000ff700000, 0x0000000100000000)
  eden space 356352K, 99% used [0x00000000e0000000,0x00000000f5bd9910,0x00000000f5c00000)
  from space 73728K, 25% used [0x00000000faf00000,0x00000000fc17ac90,0x00000000ff700000)
  to   space 79360K, 0% used [0x00000000f5c00000,0x00000000f5c00000,0x00000000fa980000)
 ParOldGen       total 234496K, used 109180K [0x00000000a0000000, 0x00000000ae500000, 0x00000000e0000000)
  object space 234496K, 46% used [0x00000000a0000000,0x00000000a6a9f038,0x00000000ae500000)
 Metaspace       used 68058K, capacity 70192K, committed 70656K, reserved 1110016K
  class space    used 8666K, capacity 9095K, committed 9216K, reserved 1048576K
Event: 66.851 GC heap after
Heap after GC invocations=28 (full 5):
 PSYoungGen      total 435712K, used 2772K [0x00000000e0000000, 0x0000000100000000, 0x0000000100000000)
  eden space 356352K, 0% used [0x00000000e0000000,0x00000000e0000000,0x00000000f5c00000)
  from space 79360K, 3% used [0x00000000f5c00000,0x00000000f5eb5038,0x00000000fa980000)
  to   space 78848K, 0% used [0x00000000fb300000,0x00000000fb300000,0x0000000100000000)
 ParOldGen       total 234496K, used 124065K [0x00000000a0000000, 0x00000000ae500000, 0x00000000e0000000)
  object space 234496K, 52% used [0x00000000a0000000,0x00000000a7928608,0x00000000ae500000)
 Metaspace       used 68058K, capacity 70192K, committed 70656K, reserved 1110016K
  class space    used 8666K, capacity 9095K, committed 9216K, reserved 1048576K
}
Event: 1322.383 GC heap before
{Heap before GC invocations=29 (full 5):
 PSYoungGen      total 435712K, used 359124K [0x00000000e0000000, 0x0000000100000000, 0x0000000100000000)
  eden space 356352K, 100% used [0x00000000e0000000,0x00000000f5c00000,0x00000000f5c00000)
  from space 79360K, 3% used [0x00000000f5c00000,0x00000000f5eb5038,0x00000000fa980000)
  to   space 78848K, 0% used [0x00000000fb300000,0x00000000fb300000,0x0000000100000000)
 ParOldGen       total 234496K, used 124065K [0x00000000a0000000, 0x00000000ae500000, 0x00000000e0000000)
  object space 234496K, 52% used [0x00000000a0000000,0x00000000a7928608,0x00000000ae500000)
 Metaspace       used 71456K, capacity 74060K, committed 74112K, reserved 1114112K
  class space    used 8899K, capacity 9321K, committed 9344K, reserved 1048576K
Event: 1322.438 GC heap after
Heap after GC invocations=29 (full 5):
 PSYoungGen      total 441344K, used 3318K [0x00000000e0000000, 0x00000000ffc80000, 0x0000000100000000)
  eden space 366080K, 0% used [0x00000000e0000000,0x00000000e0000000,0x00000000f6580000)
  from space 75264K, 4% used [0x00000000fb300000,0x00000000fb63dbc0,0x00000000ffc80000)
  to   space 77312K, 0% used [0x00000000f6580000,0x00000000f6580000,0x00000000fb100000)
 ParOldGen       total 234496K, used 124417K [0x00000000a0000000, 0x00000000ae500000, 0x00000000e0000000)
  object space 234496K, 53% used [0x00000000a0000000,0x00000000a7980608,0x00000000ae500000)
 Metaspace       used 71456K, capacity 74060K, committed 74112K, reserved 1114112K
  class space    used 8899K, capacity 9321K, committed 9344K, reserved 1048576K
}
Event: 1715.837 GC heap before
{Heap before GC invocations=30 (full 5):
 PSYoungGen      total 441344K, used 369398K [0x00000000e0000000, 0x00000000ffc80000, 0x0000000100000000)
  eden space 366080K, 100% used [0x00000000e0000000,0x00000000f6580000,0x00000000f6580000)
  from space 75264K, 4% used [0x00000000fb300000,0x00000000fb63dbc0,0x00000000ffc80000)
  to   space 77312K, 0% used [0x00000000f6580000,0x00000000f6580000,0x00000000fb100000)
 ParOldGen       total 234496K, used 124417K [0x00000000a0000000, 0x00000000ae500000, 0x00000000e0000000)
  object space 234496K, 53% used [0x00000000a0000000,0x00000000a7980608,0x00000000ae500000)
 Metaspace       used 72719K, capacity 76222K, committed 76416K, reserved 1116160K
  class space    used 9035K, capacity 9550K, committed 9600K, reserved 1048576K
Event: 1715.847 GC heap after
Heap after GC invocations=30 (full 5):
 PSYoungGen      total 443392K, used 4576K [0x00000000e0000000, 0x00000000ffe00000, 0x0000000100000000)
  eden space 366080K, 0% used [0x00000000e0000000,0x00000000e0000000,0x00000000f6580000)
  from space 77312K, 5% used [0x00000000f6580000,0x00000000f69f8020,0x00000000fb100000)
  to   space 75264K, 0% used [0x00000000fb480000,0x00000000fb480000,0x00000000ffe00000)
 ParOldGen       total 234496K, used 124425K [0x00000000a0000000, 0x00000000ae500000, 0x00000000e0000000)
  object space 234496K, 53% used [0x00000000a0000000,0x00000000a7982608,0x00000000ae500000)
 Metaspace       used 72719K, capacity 76222K, committed 76416K, reserved 1116160K
  class space    used 9035K, capacity 9550K, committed 9600K, reserved 1048576K
}

